<?xml version="1.0" encoding="utf-8"?><testsuites name="pytest tests"><testsuite name="pytest" errors="0" failures="3" skipped="0" tests="51" time="37.304" timestamp="2026-07-19T06:11:22.884113+00:00" hostname="agent-env-3f5c8518-1cc6-4559-aaa5-fb72f29b482a"><testcase classname="tests.backend_test.TestRBAC" name="test_agronomist_queue_farmer_403" time="0.990" /><testcase classname="tests.backend_test.TestAuth" name="test_login_farmer" time="0.666" /><testcase classname="tests.backend_test.TestAuth" name="test_login_invalid" time="0.324" /><testcase classname="tests.backend_test.TestAuth" name="test_me" time="0.332" /><testcase classname="tests.backend_test.TestRBAC" name="test_agronomist_queue_agro_200" time="0.426" /><testcase classname="tests.backend_test.TestAuth" name="test_me_no_token" time="0.122" /><testcase classname="tests.backend_test.TestRBAC" name="test_admin_pipeline_farmer_403" time="0.105" /><testcase classname="tests.backend_test.TestAuth" name="test_refresh_rotation" time="0.209" /><testcase classname="tests.backend_test.TestAuth" name="test_refresh_invalid" time="0.248" /><testcase classname="tests.backend_test.TestRBAC" name="test_admin_pipeline_admin_200" time="0.481" /><testcase classname="tests.backend_test.TestAuth" name="test_register_and_reject_admin_role" time="0.131" /><testcase classname="tests.backend_test.TestRBAC" name="test_admin_audit_farmer_403" time="0.100" /><testcase classname="tests.backend_test.TestAuth" name="test_register_new_farmer" time="0.095"><failure message="assert 500 == 200&#10; +  where 500 = &lt;Response [500]&gt;.status_code">tests/backend_test.py:132: in test_register_new_farmer
    assert r.status_code == 200
E   assert 500 == 200
E    +  where 500 = &lt;Response [500]&gt;.status_code</failure></testcase><testcase classname="tests.backend_test.TestRBAC" name="test_admin_audit_admin_200" time="0.104" /><testcase classname="tests.backend_test.TestCooperatives" name="test_public_list_no_auth" time="0.100" /><testcase classname="tests.backend_test.TestDetections" name="test_list_detections_farmer_scoped" time="0.102" /><testcase classname="tests.backend_test.TestCooperatives" name="test_create_cooperative_requires_admin" time="0.098" /><testcase classname="tests.backend_test.TestDetections" name="test_filter_by_severity" time="0.093" /><testcase classname="tests.backend_test.TestCooperatives" name="test_create_cooperative_no_auth_401" time="0.096" /><testcase classname="tests.backend_test.TestDetections" name="test_detection_detail" time="0.377" /><testcase classname="tests.backend_test.TestCooperatives" name="test_create_cooperative_admin_ok" time="0.429" /><testcase classname="tests.backend_test.TestDetections" name="test_alerts_scoped" time="0.101" /><testcase classname="tests.backend_test.TestDetections" name="test_escalate" time="0.418" /><testcase classname="tests.backend_test.TestCooperatives" name="test_login_response_includes_cooperative_id" time="0.316" /><testcase classname="tests.backend_test.TestCooperatives" name="test_me_includes_cooperative_id" time="0.098" /><testcase classname="tests.backend_test.TestHealth" name="test_health_ok" time="0.095" /><testcase classname="tests.backend_test.TestFields" name="test_list_fields_farmer" time="0.105" /><testcase classname="tests.backend_test.TestHealth" name="test_metrics_counts" time="0.102" /><testcase classname="tests.backend_test.TestFields" name="test_get_field_and_history" time="0.331" /><testcase classname="tests.backend_test.TestHealth" name="test_root" time="0.094" /><testcase classname="tests.backend_test.TestInferencePipeline" name="test_enqueue_and_run_real_vision" time="17.387" /><testcase classname="tests.backend_test.TestFields" name="test_create_field_persists" time="0.373" /><testcase classname="tests.backend_test.TestFields" name="test_field_404" time="0.096" /><testcase classname="tests.backend_test.TestN8nWebhook" name="test_n8n_ingest" time="0.200" /><testcase classname="tests.backend_test.TestN8nWebhook" name="test_n8n_ingest_missing_fields" time="0.097" /><testcase classname="tests.backend_test.TestN8nWebhook" name="test_n8n_ingest_field_not_found" time="0.111" /><testcase classname="tests.backend_test.TestCoopDashboard" name="test_coop_dashboard_requires_coop_admin" time="0.102" /><testcase classname="tests.backend_test.TestCoopDashboard" name="test_coop_dashboard_agronomist_403" time="0.094" /><testcase classname="tests.backend_test.TestCoopDashboard" name="test_coop_dashboard_shape" time="0.440" /><testcase classname="tests.backend_test.TestCoopScoping" name="test_fields_scoped_to_cooperative" time="0.106" /><testcase classname="tests.backend_test.TestCoopScoping" name="test_detections_scoped" time="0.218" /><testcase classname="tests.backend_test.TestCoopScoping" name="test_alerts_scoped" time="0.197" /><testcase classname="tests.backend_test.TestFieldPolygon" name="test_create_field_with_polygon" time="0.098" /><testcase classname="tests.backend_test.TestFieldPolygon" name="test_create_field_without_polygon_still_works" time="0.099" /><testcase classname="tests.backend_test.TestFieldPolygon" name="test_create_field_polygon_too_few_points_ignored" time="0.096" /><testcase classname="tests.backend_test.TestRegisterCoopAdmin" name="test_register_coop_admin_with_cooperative" time="0.183"><failure message="AssertionError: coop_admin register failed: 500 Internal Server Error&#10;assert 500 == 200&#10; +  where 500 = &lt;Response [500]&gt;.status_code">tests/backend_test.py:436: in test_register_coop_admin_with_cooperative
    assert r.status_code == 200, f"coop_admin register failed: {r.status_code} {r.text}"
E   AssertionError: coop_admin register failed: 500 Internal Server Error
E   assert 500 == 200
E    +  where 500 = &lt;Response [500]&gt;.status_code</failure></testcase><testcase classname="tests.backend_test.TestRegisterCoopAdmin" name="test_register_coop_admin_bad_cooperative_id" time="0.096"><failure message="assert 500 == 400&#10; +  where 500 = &lt;Response [500]&gt;.status_code">tests/backend_test.py:447: in test_register_coop_admin_bad_cooperative_id
    assert r.status_code == 400
E   assert 500 == 400
E    +  where 500 = &lt;Response [500]&gt;.status_code</failure></testcase><testcase classname="tests.backend_test.TestTwilioMockMode" name="test_pipeline_creates_whatsapp_alert_with_delivery_error" time="30.040" /><testcase classname="tests.backend_test.TestInferencePipeline" name="test_job_list" time="0.094" /><testcase classname="tests.backend_test.TestInferencePipeline" name="test_enqueue_forbidden_field" time="0.555" /><testcase classname="tests.backend_test.TestCoopAdminFieldsPipeline" name="test_coop_admin_gets_field_owned_by_farmer" time="0.209" /></testsuite></testsuites>